<?xml version="1.0" encoding="UTF-8"?>
<robot generator="Robot 6.0.2 (Python 3.10.9 on darwin)" generated="20230325 21:33:57.938" rpa="false" schemaversion="3">
<suite id="s1" name="Test suite Guru99" source="/Users/mac/Documents/MyDocuments/Study/Automation Testing Project/Guru99 Project/Test_suite_Guru99.robot">
<test id="s1-t1" name="Login the guru99" line="30">
<kw name="Set Local Variable" library="BuiltIn">
<arg>${Button1}</arg>
<arg>xpath://*[@id="login-form"]/div[3]/input</arg>
<doc>Makes a variable available everywhere within the local scope.</doc>
<msg timestamp="20230325 21:33:58.273" level="INFO">${Button1} = xpath://*[@id="login-form"]/div[3]/input</msg>
<status status="PASS" starttime="20230325 21:33:58.272" endtime="20230325 21:33:58.276"/>
</kw>
<kw name="Set Local Variable" library="BuiltIn">
<arg>${Link1}</arg>
<arg>id:ui-id-2</arg>
<doc>Makes a variable available everywhere within the local scope.</doc>
<msg timestamp="20230325 21:33:58.278" level="INFO">${Link1} = id:ui-id-2</msg>
<status status="PASS" starttime="20230325 21:33:58.276" endtime="20230325 21:33:58.278"/>
</kw>
<kw name="Set Local Variable" library="BuiltIn">
<arg>${Text1}</arg>
<arg>- 16%</arg>
<doc>Makes a variable available everywhere within the local scope.</doc>
<msg timestamp="20230325 21:33:58.280" level="INFO">${Text1} = - 16%</msg>
<status status="PASS" starttime="20230325 21:33:58.279" endtime="20230325 21:33:58.280"/>
</kw>
<kw name="Open Guru99 on FF">
<kw name="Open Browser" library="SeleniumLibrary">
<arg>${URL2}</arg>
<arg>${BROWSER_NAME2}</arg>
<doc>Opens a new browser instance to the optional ``url``.</doc>
<msg timestamp="20230325 21:33:58.282" level="INFO">Opening browser 'firefox' to base url 'https://demo.guru99.com/insurance/v1/index.php'.</msg>
<msg timestamp="20230325 21:33:58.284" level="INFO">Firefox driver log is always forced to to: /Users/mac/Documents/MyDocuments/Study/Automation Testing Project/Guru99 Project/geckodriver-9.log</msg>
<status status="PASS" starttime="20230325 21:33:58.281" endtime="20230325 21:34:12.383"/>
</kw>
<status status="PASS" starttime="20230325 21:33:58.281" endtime="20230325 21:34:12.384"/>
</kw>
<kw name="Maximize Browser Window" library="SeleniumLibrary">
<doc>Maximizes current browser window.</doc>
<status status="PASS" starttime="20230325 21:34:12.384" endtime="20230325 21:34:12.855"/>
</kw>
<kw name="Click Button" library="SeleniumLibrary">
<arg>${Button1}</arg>
<doc>Clicks the button identified by ``locator``.</doc>
<msg timestamp="20230325 21:34:12.858" level="INFO">Clicking button 'xpath://*[@id="login-form"]/div[3]/input'.</msg>
<status status="PASS" starttime="20230325 21:34:12.856" endtime="20230325 21:34:23.913"/>
</kw>
<kw name="Click Link" library="SeleniumLibrary">
<arg>${Link1}</arg>
<doc>Clicks a link identified by ``locator``.</doc>
<msg timestamp="20230325 21:34:23.914" level="INFO">Clicking link 'id:ui-id-2'.</msg>
<status status="PASS" starttime="20230325 21:34:23.913" endtime="20230325 21:34:24.151"/>
</kw>
<kw name="Page Should Contain" library="SeleniumLibrary">
<arg>${Text1}</arg>
<doc>Verifies that current page contains ``text``.</doc>
<msg timestamp="20230325 21:34:24.162" level="INFO">Current page contains text '- 16%'.</msg>
<status status="PASS" starttime="20230325 21:34:24.152" endtime="20230325 21:34:24.163"/>
</kw>
<kw name="Capture Page Screenshot" library="SeleniumLibrary">
<doc>Takes a screenshot of the current page and embeds it into a log file.</doc>
<msg timestamp="20230325 21:34:24.353" level="INFO" html="true">&lt;/td&gt;&lt;/tr&gt;&lt;tr&gt;&lt;td colspan="3"&gt;&lt;a href="selenium-screenshot-13.png"&gt;&lt;img src="selenium-screenshot-13.png" width="800px"&gt;&lt;/a&gt;</msg>
<status status="PASS" starttime="20230325 21:34:24.163" endtime="20230325 21:34:24.353"/>
</kw>
<kw name="Click Button" library="SeleniumLibrary">
<arg>xpath://*[@id="quotation_windscreenrepair_t"]</arg>
<doc>Clicks the button identified by ``locator``.</doc>
<msg timestamp="20230325 21:34:24.354" level="INFO">Clicking button 'xpath://*[@id="quotation_windscreenrepair_t"]'.</msg>
<status status="PASS" starttime="20230325 21:34:24.354" endtime="20230325 21:34:24.578"/>
</kw>
<kw name="Input Text" library="SeleniumLibrary">
<arg>id:quotation_incidents</arg>
<arg>Niem Nguyen</arg>
<doc>Types the given ``text`` into the text field identified by ``locator``.</doc>
<msg timestamp="20230325 21:34:24.580" level="INFO">Typing text 'Niem Nguyen' into text field 'id:quotation_incidents'.</msg>
<status status="PASS" starttime="20230325 21:34:24.579" endtime="20230325 21:34:24.635"/>
</kw>
<kw name="Input Text" library="SeleniumLibrary">
<arg>id:quotation_vehicle_attributes_registration</arg>
<arg>Sunday</arg>
<doc>Types the given ``text`` into the text field identified by ``locator``.</doc>
<msg timestamp="20230325 21:34:24.637" level="INFO">Typing text 'Sunday' into text field 'id:quotation_vehicle_attributes_registration'.</msg>
<status status="PASS" starttime="20230325 21:34:24.635" endtime="20230325 21:34:24.679"/>
</kw>
<kw name="Input Text" library="SeleniumLibrary">
<arg>id:quotation_vehicle_attributes_mileage</arg>
<arg>Feb</arg>
<doc>Types the given ``text`` into the text field identified by ``locator``.</doc>
<msg timestamp="20230325 21:34:24.682" level="INFO">Typing text 'Feb' into text field 'id:quotation_vehicle_attributes_mileage'.</msg>
<status status="PASS" starttime="20230325 21:34:24.680" endtime="20230325 21:34:24.747"/>
</kw>
<kw name="Click Element" library="SeleniumLibrary">
<arg>id:quotation_vehicle_attributes_parkinglocation</arg>
<doc>Click the element identified by ``locator``.</doc>
<msg timestamp="20230325 21:34:24.750" level="INFO">Clicking element 'id:quotation_vehicle_attributes_parkinglocation'.</msg>
<status status="PASS" starttime="20230325 21:34:24.749" endtime="20230325 21:34:24.986"/>
</kw>
<kw name="Select From List By Value" library="SeleniumLibrary">
<arg>xpath://*[@id="quotation_vehicle_attributes_parkinglocation"]</arg>
<arg>Unlocked garage</arg>
<doc>Selects options from selection list ``locator`` by ``values``.</doc>
<msg timestamp="20230325 21:34:24.987" level="INFO">Selecting options from selection list 'xpath://*[@id="quotation_vehicle_attributes_parkinglocation"]' by value Unlocked garage.</msg>
<status status="PASS" starttime="20230325 21:34:24.987" endtime="20230325 21:34:25.238"/>
</kw>
<kw name="Click Element" library="SeleniumLibrary">
<arg>id:quotation_vehicle_attributes_policystart_1i</arg>
<doc>Click the element identified by ``locator``.</doc>
<msg timestamp="20230325 21:34:25.239" level="INFO">Clicking element 'id:quotation_vehicle_attributes_policystart_1i'.</msg>
<status status="PASS" starttime="20230325 21:34:25.239" endtime="20230325 21:34:25.472"/>
</kw>
<kw name="Select From List By Value" library="SeleniumLibrary">
<arg>xpath://*[@id="quotation_vehicle_attributes_policystart_1i"]</arg>
<arg>2025</arg>
<doc>Selects options from selection list ``locator`` by ``values``.</doc>
<msg timestamp="20230325 21:34:25.473" level="INFO">Selecting options from selection list 'xpath://*[@id="quotation_vehicle_attributes_policystart_1i"]' by value 2025.</msg>
<status status="PASS" starttime="20230325 21:34:25.473" endtime="20230325 21:34:25.729"/>
</kw>
<kw name="Click Button" library="SeleniumLibrary">
<arg>xpath://*[@id="new_quotation"]/div[8]/input[3]</arg>
<doc>Clicks the button identified by ``locator``.</doc>
<msg timestamp="20230325 21:34:25.730" level="INFO">Clicking button 'xpath://*[@id="new_quotation"]/div[8]/input[3]'.</msg>
<status status="PASS" starttime="20230325 21:34:25.730" endtime="20230325 21:34:26.127"/>
</kw>
<status status="PASS" starttime="20230325 21:33:58.270" endtime="20230325 21:34:26.128"/>
</test>
<status status="PASS" starttime="20230325 21:33:57.943" endtime="20230325 21:34:26.129"/>
</suite>
<statistics>
<total>
<stat pass="1" fail="0" skip="0">All Tests</stat>
</total>
<tag>
</tag>
<suite>
<stat pass="1" fail="0" skip="0" id="s1" name="Test suite Guru99">Test suite Guru99</stat>
</suite>
</statistics>
<errors>
</errors>
</robot>
